<?xml version="1.0" encoding="UTF-8"?>
<!-- Generated by org.testng.reporters.JUnitXMLReporter -->
<testsuite ignored="0" hostname="Admin-PC" failures="0" tests="3" name="CommonBase.java" time="14.06" errors="0" timestamp="2025-06-15T19:41:15 GMT+07:00">
  <testcase classname="Automation.Testsuite.Day16_AutomationTesting_Alert_Test" name="Alert_OK" time="0.401"/>
  <testcase classname="Automation.Testsuite.Day16_AutomationTesting_Alert_Test" name="Alert_Ok_Cancel" time="0.504"/>
  <testcase classname="Automation.Testsuite.Day16_AutomationTesting_Alert_Test" name="Alert_With_Textbox" time="0.863"/>
</testsuite> <!-- CommonBase.java -->
